[2026-05-11 18:18:22] Пользователь андрей вышел из системы
[2026-05-11 18:24:13] Пользователь qqqq вышел из системы
[2026-05-11 18:33:51] Пользователь аркадий  вышел из системы
[2026-05-11 18:38:07] Пользователь аркадий  вошёл в систему
[2026-05-11 18:39:06] Пользователь аркадий  вышел из системы
[2026-05-11 18:40:55] Пользователь андрей вышел из системы
[2026-05-11 18:41:16] Пользователь андрей вошёл в систему
[2026-05-11 18:41:27] Пользователь андрей вышел из системы
[2026-05-11 18:54:26] Пользователь гоша вышел из системы
[2026-05-11 18:55:15] Пользователь user1 вышел из системы
[2026-05-11 18:55:41] Пользователь user2 вышел из системы
[2026-05-11 19:01:44] Пользователь user1 вышел из системы
[2026-05-11 19:05:22] Пользователь user1 вышел из системы
[2026-05-11 19:05:49] Пользователь user2 вышел из системы
[2026-05-11 19:05:56] Пользователь user1 вошёл в систему
[2026-05-11 19:06:00] Пользователь user1 вышел из системы
[2026-05-11 19:07:51] Пользователь user1 вошёл в систему
[2026-05-11 19:07:56] Пользователь user1 вышел из системы
[2026-05-11 19:08:03] Пользователь user2 вошёл в систему
[2026-05-11 19:08:08] Пользователь user2 вышел из системы
[2026-05-11 19:10:07] Пользователь user1 вошёл в систему
[2026-05-11 19:10:11] Пользователь user1 вышел из системы
[2026-05-11 19:10:19] Пользователь user1 вошёл в систему
[2026-05-11 19:10:25] Пользователь user1 вышел из системы
[2026-05-11 19:18:44] Пользователь user1 вошёл в систему
[2026-05-11 19:23:31] Пользователь user1 вошёл в систему
[2026-05-11 19:27:55] Пользователь user1 вошёл в систему
[2026-05-11 19:32:11] Пользователь user1 вошёл в систему
[2026-05-11 19:32:54] Пользователь user1 вошёл в систему
[2026-05-11 19:32:56] Пользователь user1 вышел из системы
[2026-05-11 19:33:08] Пользователь user1 вошёл в систему
[2026-05-11 19:34:14] Пользователь user1 вошёл в систему
[2026-05-11 19:37:38] Пользователь user1 вошёл в систему
[2026-05-11 19:38:06] Пользователь user1 вошёл в систему
[2026-05-11 20:46:53] Пользователь user1 вошёл в систему
[2026-05-11 20:50:15] Пользователь user1 вошёл в систему
[2026-05-11 20:51:19] Пользователь user1 вошёл в систему
[2026-05-11 21:30:42] Пользователь user77 зарегистрирован
[2026-05-11 21:31:34] Пользователь user77 вошёл
[2026-05-11 21:31:44] Пользователь user1 вошёл
[2026-05-11 22:06:51] Пользователь user1 вошёл
[2026-05-11 22:08:43] Пользователь user1 вошёл
[2026-05-11 22:09:56] Пользователь user1 вошёл
[2026-05-11 22:11:58] Пользователь user5 зарегистрирован
[2026-05-11 22:19:08] Пользователь user1 вошёл
[2026-05-11 22:19:18] Пользователь user1 вошёл
[2026-05-11 22:19:30] Пользователь user4 зарегистрирован
[2026-05-11 22:22:56] Пользователь user4 вошёл
[2026-05-11 22:32:30] Пользователь user7 зарегистрирован
[2026-05-11 22:35:22] Пользователь userT зарегистрирован
[2026-05-11 22:36:46] Пользователь user1 вошёл
[2026-05-11 22:37:35] Пользователь User зарегистрирован
[2026-05-11 22:41:17] Пользователь user1 вошёл
